<?xml version="1.0" encoding="UTF-8"?>
<!-- Generated by org.testng.reporters.JUnitXMLReporter -->
<testsuite hostname="Santosh-PC" ignored="0" name="Test" tests="6" failures="2" timestamp="21 Mar 2019 18:59:13 GMT" time="88.941" errors="0">
  <testcase name="registerNewUserTest" time="4.533" classname="com.mercurytours.tests.RegisterUserTest"/>
  <testcase name="loginTest" time="2.913" classname="com.mercurytours.tests.SignOnTest"/>
  <testcase name="oneWayTripWithAirlinePreferenceTest" time="3.152" classname="com.mercurytours.tests.FlightsTest">
    <failure type="java.lang.AssertionError" message="Onward flight must not be displayed when one way flight is selected expected [false] but found [true]">
      <![CDATA[java.lang.AssertionError: Onward flight must not be displayed when one way flight is selected expected [false] but found [true]
at com.mercurytours.pages.FlightsPage.oneWayTripWithAirlinePreference(FlightsPage.java:155)
at com.mercurytours.tests.FlightsTest.oneWayTripWithAirlinePreferenceTest(FlightsTest.java:34)
... Removed 28 stack frames]]>
    </failure>
  </testcase> <!-- oneWayTripWithAirlinePreferenceTest -->
  <testcase name="oneWayTripWithEconomyClassTest" time="2.594" classname="com.mercurytours.tests.FlightsTest">
    <failure type="java.lang.AssertionError" message="Onward flight must not be displayed when one way flight is selected expected [false] but found [true]">
      <![CDATA[java.lang.AssertionError: Onward flight must not be displayed when one way flight is selected expected [false] but found [true]
at com.mercurytours.pages.FlightsPage.oneWayTripWithEconomyClass(FlightsPage.java:130)
at com.mercurytours.tests.FlightsTest.oneWayTripWithEconomyClassTest(FlightsTest.java:28)
... Removed 28 stack frames]]>
    </failure>
  </testcase> <!-- oneWayTripWithEconomyClassTest -->
  <testcase name="roundTripWithAirlinePreferenceTest" time="8.175" classname="com.mercurytours.tests.FlightsTest"/>
  <testcase name="roundTripWithEconomyClassTest" time="7.57" classname="com.mercurytours.tests.FlightsTest"/>
</testsuite> <!-- Test -->
